Change Component Designator: OldDesignator=R1 NewDesignator=R2
Change Component Designator: OldDesignator=R2 NewDesignator=R6
Added Component: Designator=IC1(SOTFL50P160X60-6N)
Added Component: Designator=R1(RESC1005X40N)
Added Component: Designator=R3(RESC1005X40N)
Added Component: Designator=R4(RESC1005X40N)
Added Component: Designator=R5(RESC1005X40N)
Added Pin To Net: NetName=0 Pin=IC1-2
Added Pin To Net: NetName=NetC2_2 Pin=IC1-3
Added Pin To Net: NetName=NetC2_2 Pin=R3-2
Added Pin To Net: NetName=0 Pin=R5-1
Added Pin To Net: NetName=NetIC1_1 Pin=IC1-1
Added Pin To Net: NetName=NetIC1_1 Pin=R2-1
Added Pin To Net: NetName=NetIC1_1 Pin=R6-2
Added Net: Name=NetIC1_1
Added Pin To Net: NetName=NetIC1_4 Pin=IC1-4
Added Pin To Net: NetName=NetIC1_4 Pin=L1-1
Added Net: Name=NetIC1_4
Added Pin To Net: NetName=NetIC1_5 Pin=IC1-5
Added Pin To Net: NetName=NetIC1_5 Pin=R1-1
Added Net: Name=NetIC1_5
Added Pin To Net: NetName=NetQ1_1 Pin=R3-1
Added Net: Name=NetQ1_1
Added Pin To Net: NetName=NetQ1_3 Pin=R1-2
Added Net: Name=NetQ1_3
Added Pin To Net: NetName=NetQ2_1 Pin=R4-1
Added Pin To Net: NetName=NetQ2_1 Pin=R5-2
Added Net: Name=NetQ2_1
Added Pin To Net: NetName=NetR4_2 Pin=R4-2
Added Net: Name=NetR4_2
Added Member To Class: ClassName=2020-08-19_08-57-041 Member=Component IC1 TLV62569ADRLR
Added Member To Class: ClassName=2020-08-19_08-57-041 Member=Component R3 CRCW0402100KFKED
Added Member To Class: ClassName=2020-08-19_08-57-041 Member=Component R4 CRCW0402100KFKED
Added Member To Class: ClassName=2020-08-19_08-57-041 Member=Component R5 CRCW0402100KFKED
Added Member To Class: ClassName=2020-08-19_08-57-041 Member=Component R6 CRCW0402100KFKED
